<?xml version="1.0" encoding="UTF-8"?>
<!-- Generated by org.testng.reporters.JUnitXMLReporter -->
<testsuite ignored="0" hostname="BINTERNS-QA47L" failures="0" tests="10" name="Surefire test" time="36.942" errors="0" timestamp="2023-05-11T15:56:44 IST">
  <testcase classname="TEST.banktest1" name="logo_displaycheck" time="1.195"/>
  <testcase classname="TEST.banktest1" name="Customerlogin" time="3.056"/>
  <testcase classname="TEST.banktest1" name="user_login_check" time="2.129"/>
  <testcase classname="TEST.banktest1" name="deposit_ch" time="2.478"/>
  <testcase classname="TEST.banktest1" name="withdrwal_ch" time="4.144"/>
  <testcase classname="TEST.banktest1" name="transaction_check" time="4.111"/>
  <testcase classname="TEST.banktest1" name="home_check_button" time="2.052"/>
  <testcase classname="TEST.banktest1" name="bankmanagercheck" time="2.049"/>
  <testcase classname="TEST.banktest1" name="OpenBankAccount" time="5.582"/>
  <testcase classname="TEST.banktest1" name="BankCustomerList_Check" time="2.059"/>
</testsuite> <!-- Surefire test -->
