<?xml version="1.0" encoding="UTF-8"?>
<!-- Generated by org.testng.reporters.JUnitXMLReporter -->
<testsuite ignored="0" hostname="BINTERNS-QA47L" failures="0" tests="10" name="Default test" time="36.658" errors="0" timestamp="2023-05-11T15:12:05 IST">
  <testcase classname="TEST.banktest1" name="logo_displaycheck" time="0.613"/>
  <testcase classname="TEST.banktest1" name="Customerlogin" time="3.062"/>
  <testcase classname="TEST.banktest1" name="user_login_check" time="2.151"/>
  <testcase classname="TEST.banktest1" name="deposit_ch" time="2.565"/>
  <testcase classname="TEST.banktest1" name="withdrwal_ch" time="4.195"/>
  <testcase classname="TEST.banktest1" name="transaction_check" time="4.11"/>
  <testcase classname="TEST.banktest1" name="home_check_button" time="2.049"/>
  <testcase classname="TEST.banktest1" name="bankmanagercheck" time="2.055"/>
  <testcase classname="TEST.banktest1" name="OpenBankAccount" time="5.638"/>
  <testcase classname="TEST.banktest1" name="BankCustomerList_Check" time="2.044"/>
</testsuite> <!-- Default test -->
