<?xml version="1.0" encoding="UTF-8"?>
<testng-results ignored="0" total="10" passed="10" failed="0" skipped="0">
  <reporter-output>
  </reporter-output>
  <suite started-at="2023-05-11T15:56:07 IST" name="Surefire suite" finished-at="2023-05-11T15:56:44 IST" duration-ms="36942">
    <groups>
    </groups>
    <test started-at="2023-05-11T15:56:07 IST" name="Surefire test" finished-at="2023-05-11T15:56:44 IST" duration-ms="36942">
      <class name="TEST.banktest1">
        <test-method is-config="true" signature="x()[pri:0, instance:TEST.banktest1@59d016c9]" started-at="2023-05-11T15:56:07 IST" name="x" finished-at="2023-05-11T15:56:07 IST" duration-ms="115" status="PASS">
          <reporter-output>
          </reporter-output>
        </test-method> <!-- x -->
        <test-method is-config="true" signature="launch()[pri:0, instance:TEST.banktest1@59d016c9]" started-at="2023-05-11T15:56:07 IST" name="launch" finished-at="2023-05-11T15:56:12 IST" duration-ms="4600" status="PASS">
          <reporter-output>
          </reporter-output>
        </test-method> <!-- launch -->
        <test-method signature="logo_displaycheck()[pri:1, instance:TEST.banktest1@59d016c9]" started-at="2023-05-11T15:56:12 IST" name="logo_displaycheck" finished-at="2023-05-11T15:56:13 IST" duration-ms="1195" status="PASS">
          <reporter-output>
          </reporter-output>
        </test-method> <!-- logo_displaycheck -->
        <test-method signature="Customerlogin()[pri:2, instance:TEST.banktest1@59d016c9]" started-at="2023-05-11T15:56:13 IST" name="Customerlogin" finished-at="2023-05-11T15:56:16 IST" duration-ms="3056" status="PASS">
          <reporter-output>
          </reporter-output>
        </test-method> <!-- Customerlogin -->
        <test-method signature="user_login_check()[pri:3, instance:TEST.banktest1@59d016c9]" started-at="2023-05-11T15:56:16 IST" name="user_login_check" finished-at="2023-05-11T15:56:18 IST" depends-on-methods="TEST.banktest1.Customerlogin" duration-ms="2129" status="PASS">
          <reporter-output>
          </reporter-output>
        </test-method> <!-- user_login_check -->
        <test-method signature="deposit_ch()[pri:4, instance:TEST.banktest1@59d016c9]" started-at="2023-05-11T15:56:18 IST" name="deposit_ch" finished-at="2023-05-11T15:56:21 IST" depends-on-methods="TEST.banktest1.user_login_check" duration-ms="2478" status="PASS">
          <reporter-output>
          </reporter-output>
        </test-method> <!-- deposit_ch -->
        <test-method signature="withdrwal_ch()[pri:5, instance:TEST.banktest1@59d016c9]" started-at="2023-05-11T15:56:21 IST" name="withdrwal_ch" finished-at="2023-05-11T15:56:25 IST" depends-on-methods="TEST.banktest1.deposit_ch" duration-ms="4144" status="PASS">
          <reporter-output>
          </reporter-output>
        </test-method> <!-- withdrwal_ch -->
        <test-method signature="transaction_check()[pri:6, instance:TEST.banktest1@59d016c9]" started-at="2023-05-11T15:56:25 IST" name="transaction_check" finished-at="2023-05-11T15:56:29 IST" depends-on-methods="TEST.banktest1.user_login_check" duration-ms="4111" status="PASS">
          <reporter-output>
          </reporter-output>
        </test-method> <!-- transaction_check -->
        <test-method signature="home_check_button()[pri:7, instance:TEST.banktest1@59d016c9]" started-at="2023-05-11T15:56:29 IST" name="home_check_button" finished-at="2023-05-11T15:56:31 IST" depends-on-methods="TEST.banktest1.transaction_check" duration-ms="2052" status="PASS">
          <reporter-output>
          </reporter-output>
        </test-method> <!-- home_check_button -->
        <test-method signature="bankmanagercheck()[pri:8, instance:TEST.banktest1@59d016c9]" started-at="2023-05-11T15:56:31 IST" name="bankmanagercheck" finished-at="2023-05-11T15:56:33 IST" duration-ms="2049" status="PASS">
          <reporter-output>
          </reporter-output>
        </test-method> <!-- bankmanagercheck -->
        <test-method signature="OpenBankAccount()[pri:9, instance:TEST.banktest1@59d016c9]" started-at="2023-05-11T15:56:33 IST" name="OpenBankAccount" finished-at="2023-05-11T15:56:39 IST" depends-on-methods="TEST.banktest1.bankmanagercheck" duration-ms="5582" status="PASS">
          <reporter-output>
          </reporter-output>
        </test-method> <!-- OpenBankAccount -->
        <test-method signature="BankCustomerList_Check()[pri:10, instance:TEST.banktest1@59d016c9]" started-at="2023-05-11T15:56:39 IST" name="BankCustomerList_Check" finished-at="2023-05-11T15:56:41 IST" depends-on-methods="TEST.banktest1.bankmanagercheck" duration-ms="2059" status="PASS">
          <reporter-output>
          </reporter-output>
        </test-method> <!-- BankCustomerList_Check -->
        <test-method is-config="true" signature="Bnd()[pri:0, instance:TEST.banktest1@59d016c9]" started-at="2023-05-11T15:56:41 IST" name="Bnd" finished-at="2023-05-11T15:56:44 IST" duration-ms="3196" status="PASS">
          <reporter-output>
          </reporter-output>
        </test-method> <!-- Bnd -->
        <test-method is-config="true" signature="y()[pri:0, instance:TEST.banktest1@59d016c9]" started-at="2023-05-11T15:56:44 IST" name="y" finished-at="2023-05-11T15:56:44 IST" duration-ms="145" status="PASS">
          <reporter-output>
          </reporter-output>
        </test-method> <!-- y -->
      </class> <!-- TEST.banktest1 -->
    </test> <!-- Surefire test -->
  </suite> <!-- Surefire suite -->
</testng-results>
