<?xml version="1.0" encoding="UTF-8"?>
<testng-results ignored="0" total="10" passed="10" failed="0" skipped="0">
  <reporter-output>
  </reporter-output>
  <suite started-at="2023-05-11T15:11:28 IST" name="Default suite" finished-at="2023-05-11T15:12:05 IST" duration-ms="36658">
    <groups>
    </groups>
    <test started-at="2023-05-11T15:11:28 IST" name="Default test" finished-at="2023-05-11T15:12:05 IST" duration-ms="36658">
      <class name="TEST.banktest1">
        <test-method is-config="true" signature="x()[pri:0, instance:TEST.banktest1@15bb5034]" started-at="2023-05-11T15:11:28 IST" name="x" finished-at="2023-05-11T15:11:28 IST" duration-ms="107" status="PASS">
          <reporter-output>
          </reporter-output>
        </test-method> <!-- x -->
        <test-method is-config="true" signature="launch()[pri:0, instance:TEST.banktest1@15bb5034]" started-at="2023-05-11T15:11:28 IST" name="launch" finished-at="2023-05-11T15:11:33 IST" duration-ms="4702" status="PASS">
          <reporter-output>
          </reporter-output>
        </test-method> <!-- launch -->
        <test-method signature="logo_displaycheck()[pri:1, instance:TEST.banktest1@15bb5034]" started-at="2023-05-11T15:11:33 IST" name="logo_displaycheck" finished-at="2023-05-11T15:11:33 IST" duration-ms="613" status="PASS">
          <reporter-output>
          </reporter-output>
        </test-method> <!-- logo_displaycheck -->
        <test-method signature="Customerlogin()[pri:2, instance:TEST.banktest1@15bb5034]" started-at="2023-05-11T15:11:33 IST" name="Customerlogin" finished-at="2023-05-11T15:11:37 IST" duration-ms="3062" status="PASS">
          <reporter-output>
          </reporter-output>
        </test-method> <!-- Customerlogin -->
        <test-method signature="user_login_check()[pri:3, instance:TEST.banktest1@15bb5034]" started-at="2023-05-11T15:11:37 IST" name="user_login_check" finished-at="2023-05-11T15:11:39 IST" depends-on-methods="TEST.banktest1.Customerlogin" duration-ms="2151" status="PASS">
          <reporter-output>
          </reporter-output>
        </test-method> <!-- user_login_check -->
        <test-method signature="deposit_ch()[pri:4, instance:TEST.banktest1@15bb5034]" started-at="2023-05-11T15:11:39 IST" name="deposit_ch" finished-at="2023-05-11T15:11:41 IST" depends-on-methods="TEST.banktest1.user_login_check" duration-ms="2565" status="PASS">
          <reporter-output>
          </reporter-output>
        </test-method> <!-- deposit_ch -->
        <test-method signature="withdrwal_ch()[pri:5, instance:TEST.banktest1@15bb5034]" started-at="2023-05-11T15:11:41 IST" name="withdrwal_ch" finished-at="2023-05-11T15:11:45 IST" depends-on-methods="TEST.banktest1.deposit_ch" duration-ms="4195" status="PASS">
          <reporter-output>
          </reporter-output>
        </test-method> <!-- withdrwal_ch -->
        <test-method signature="transaction_check()[pri:6, instance:TEST.banktest1@15bb5034]" started-at="2023-05-11T15:11:45 IST" name="transaction_check" finished-at="2023-05-11T15:11:50 IST" depends-on-methods="TEST.banktest1.user_login_check" duration-ms="4110" status="PASS">
          <reporter-output>
          </reporter-output>
        </test-method> <!-- transaction_check -->
        <test-method signature="home_check_button()[pri:7, instance:TEST.banktest1@15bb5034]" started-at="2023-05-11T15:11:50 IST" name="home_check_button" finished-at="2023-05-11T15:11:52 IST" depends-on-methods="TEST.banktest1.transaction_check" duration-ms="2049" status="PASS">
          <reporter-output>
          </reporter-output>
        </test-method> <!-- home_check_button -->
        <test-method signature="bankmanagercheck()[pri:8, instance:TEST.banktest1@15bb5034]" started-at="2023-05-11T15:11:52 IST" name="bankmanagercheck" finished-at="2023-05-11T15:11:54 IST" duration-ms="2055" status="PASS">
          <reporter-output>
          </reporter-output>
        </test-method> <!-- bankmanagercheck -->
        <test-method signature="OpenBankAccount()[pri:9, instance:TEST.banktest1@15bb5034]" started-at="2023-05-11T15:11:54 IST" name="OpenBankAccount" finished-at="2023-05-11T15:11:59 IST" depends-on-methods="TEST.banktest1.bankmanagercheck" duration-ms="5638" status="PASS">
          <reporter-output>
          </reporter-output>
        </test-method> <!-- OpenBankAccount -->
        <test-method signature="BankCustomerList_Check()[pri:10, instance:TEST.banktest1@15bb5034]" started-at="2023-05-11T15:11:59 IST" name="BankCustomerList_Check" finished-at="2023-05-11T15:12:01 IST" depends-on-methods="TEST.banktest1.bankmanagercheck" duration-ms="2044" status="PASS">
          <reporter-output>
          </reporter-output>
        </test-method> <!-- BankCustomerList_Check -->
        <test-method is-config="true" signature="Bnd()[pri:0, instance:TEST.banktest1@15bb5034]" started-at="2023-05-11T15:12:01 IST" name="Bnd" finished-at="2023-05-11T15:12:05 IST" duration-ms="3197" status="PASS">
          <reporter-output>
          </reporter-output>
        </test-method> <!-- Bnd -->
        <test-method is-config="true" signature="y()[pri:0, instance:TEST.banktest1@15bb5034]" started-at="2023-05-11T15:12:05 IST" name="y" finished-at="2023-05-11T15:12:05 IST" duration-ms="120" status="PASS">
          <reporter-output>
          </reporter-output>
        </test-method> <!-- y -->
      </class> <!-- TEST.banktest1 -->
    </test> <!-- Default test -->
  </suite> <!-- Default suite -->
</testng-results>
